<?xml version="1.0" encoding="utf-8"?><testsuites name="pytest tests"><testsuite name="pytest" errors="0" failures="0" skipped="0" tests="12" time="0.128" timestamp="2026-02-15T21:55:58.676972-03:00" hostname="LAPTOP-M1DNMVU5"><testcase classname="tests.test_atm" name="test_cash_inventory_is_protected" time="0.002" /><testcase classname="tests.test_atm" name="test_change_power_status" time="0.004" /><testcase classname="tests.test_atm" name="test_withdraw_balance" time="0.001" /><testcase classname="tests.test_atm" name="test_atm_reload" time="0.001" /><testcase classname="tests.test_atm" name="test_denied_atm_reload" time="0.003" /><testcase classname="tests.test_atm" name="test_how_many_atm" time="0.001" /><testcase classname="tests.test_atm" name="test_block_user_from_atm" time="0.001" /><testcase classname="tests.test_atm" name="test_turn_off_and_on_atm" time="0.002" /><testcase classname="tests.test_atm" name="test_how_many_users" time="0.002" /><testcase classname="tests.test_atm" name="test_account_string_representation" time="0.001" /><testcase classname="tests.test_atm" name="test_checkfund" time="0.007" /><testcase classname="tests.test_atm" name="test_deduct" time="0.001" /></testsuite></testsuites>